<?xml version="1.0" encoding="UTF-8"?>
<testsuite name="com.example.aws_security_test.AwsSecurityTestApplicationTests" tests="1" skipped="0" failures="0" errors="0" timestamp="2022-05-10T10:33:58" hostname="hongyeongjuneui-MacBookAir.local" time="0.185">
  <properties/>
  <testcase name="contextLoads()" classname="com.example.aws_security_test.AwsSecurityTestApplicationTests" time="0.185"/>
  <system-out><![CDATA[19:33:57.171 [Test worker] DEBUG org.springframework.test.context.BootstrapUtils - Instantiating CacheAwareContextLoaderDelegate from class [org.springframework.test.context.cache.DefaultCacheAwareContextLoaderDelegate]
19:33:57.176 [Test worker] DEBUG org.springframework.test.context.BootstrapUtils - Instantiating BootstrapContext using constructor [public org.springframework.test.context.support.DefaultBootstrapContext(java.lang.Class,org.springframework.test.context.CacheAwareContextLoaderDelegate)]
19:33:57.191 [Test worker] DEBUG org.springframework.test.context.BootstrapUtils - Instantiating TestContextBootstrapper for test class [com.example.aws_security_test.AwsSecurityTestApplicationTests] from class [org.springframework.boot.test.context.SpringBootTestContextBootstrapper]
19:33:57.197 [Test worker] INFO org.springframework.boot.test.context.SpringBootTestContextBootstrapper - Neither @ContextConfiguration nor @ContextHierarchy found for test class [com.example.aws_security_test.AwsSecurityTestApplicationTests], using SpringBootContextLoader
19:33:57.199 [Test worker] DEBUG org.springframework.test.context.support.AbstractContextLoader - Did not detect default resource location for test class [com.example.aws_security_test.AwsSecurityTestApplicationTests]: class path resource [com/example/aws_security_test/AwsSecurityTestApplicationTests-context.xml] does not exist
19:33:57.199 [Test worker] DEBUG org.springframework.test.context.support.AbstractContextLoader - Did not detect default resource location for test class [com.example.aws_security_test.AwsSecurityTestApplicationTests]: class path resource [com/example/aws_security_test/AwsSecurityTestApplicationTestsContext.groovy] does not exist
19:33:57.199 [Test worker] INFO org.springframework.test.context.support.AbstractContextLoader - Could not detect default resource locations for test class [com.example.aws_security_test.AwsSecurityTestApplicationTests]: no resource found for suffixes {-context.xml, Context.groovy}.
19:33:57.199 [Test worker] INFO org.springframework.test.context.support.AnnotationConfigContextLoaderUtils - Could not detect default configuration classes for test class [com.example.aws_security_test.AwsSecurityTestApplicationTests]: AwsSecurityTestApplicationTests does not declare any static, non-private, non-final, nested classes annotated with @Configuration.
19:33:57.217 [Test worker] DEBUG org.springframework.test.context.support.ActiveProfilesUtils - Could not find an 'annotation declaring class' for annotation type [org.springframework.test.context.ActiveProfiles] and class [com.example.aws_security_test.AwsSecurityTestApplicationTests]
19:33:57.249 [Test worker] DEBUG org.springframework.context.annotation.ClassPathScanningCandidateComponentProvider - Identified candidate component class: file [/Users/hongyeongjune/IdeaProjects/AWS_Security_TEST/build/classes/java/main/com/example/aws_security_test/AwsSecurityTestApplication.class]
19:33:57.250 [Test worker] INFO org.springframework.boot.test.context.SpringBootTestContextBootstrapper - Found @SpringBootConfiguration com.example.aws_security_test.AwsSecurityTestApplication for test class com.example.aws_security_test.AwsSecurityTestApplicationTests
19:33:57.325 [Test worker] DEBUG org.springframework.boot.test.context.SpringBootTestContextBootstrapper - @TestExecutionListeners is not present for class [com.example.aws_security_test.AwsSecurityTestApplicationTests]: using defaults.
19:33:57.326 [Test worker] INFO org.springframework.boot.test.context.SpringBootTestContextBootstrapper - Loaded default TestExecutionListener class names from location [META-INF/spring.factories]: [org.springframework.boot.test.autoconfigure.restdocs.RestDocsTestExecutionListener, org.springframework.boot.test.autoconfigure.web.client.MockRestServiceServerResetTestExecutionListener, org.springframework.boot.test.autoconfigure.web.servlet.MockMvcPrintOnlyOnFailureTestExecutionListener, org.springframework.boot.test.autoconfigure.web.servlet.WebDriverTestExecutionListener, org.springframework.boot.test.autoconfigure.webservices.client.MockWebServiceServerTestExecutionListener, org.springframework.boot.test.mock.mockito.MockitoTestExecutionListener, org.springframework.boot.test.mock.mockito.ResetMocksTestExecutionListener, org.springframework.test.context.web.ServletTestExecutionListener, org.springframework.test.context.support.DirtiesContextBeforeModesTestExecutionListener, org.springframework.test.context.event.ApplicationEventsTestExecutionListener, org.springframework.test.context.support.DependencyInjectionTestExecutionListener, org.springframework.test.context.support.DirtiesContextTestExecutionListener, org.springframework.test.context.transaction.TransactionalTestExecutionListener, org.springframework.test.context.jdbc.SqlScriptsTestExecutionListener, org.springframework.test.context.event.EventPublishingTestExecutionListener]
19:33:57.334 [Test worker] DEBUG org.springframework.boot.test.context.SpringBootTestContextBootstrapper - Skipping candidate TestExecutionListener [org.springframework.test.context.transaction.TransactionalTestExecutionListener] due to a missing dependency. Specify custom listener classes or make the default listener classes and their required dependencies available. Offending class: [org/springframework/transaction/TransactionDefinition]
19:33:57.334 [Test worker] DEBUG org.springframework.boot.test.context.SpringBootTestContextBootstrapper - Skipping candidate TestExecutionListener [org.springframework.test.context.jdbc.SqlScriptsTestExecutionListener] due to a missing dependency. Specify custom listener classes or make the default listener classes and their required dependencies available. Offending class: [org/springframework/transaction/interceptor/TransactionAttribute]
19:33:57.334 [Test worker] INFO org.springframework.boot.test.context.SpringBootTestContextBootstrapper - Using TestExecutionListeners: [org.springframework.test.context.web.ServletTestExecutionListener@525d79f0, org.springframework.test.context.support.DirtiesContextBeforeModesTestExecutionListener@5149f008, org.springframework.test.context.event.ApplicationEventsTestExecutionListener@7072bc39, org.springframework.boot.test.mock.mockito.MockitoTestExecutionListener@158d255c, org.springframework.boot.test.autoconfigure.SpringBootDependencyInjectionTestExecutionListener@2ca65ce4, org.springframework.test.context.support.DirtiesContextTestExecutionListener@327120c8, org.springframework.test.context.event.EventPublishingTestExecutionListener@5707c1cb, org.springframework.boot.test.autoconfigure.restdocs.RestDocsTestExecutionListener@2b5cb9b2, org.springframework.boot.test.autoconfigure.web.client.MockRestServiceServerResetTestExecutionListener@35038141, org.springframework.boot.test.autoconfigure.web.servlet.MockMvcPrintOnlyOnFailureTestExecutionListener@ecf9049, org.springframework.boot.test.autoconfigure.web.servlet.WebDriverTestExecutionListener@672f11c2, org.springframework.boot.test.autoconfigure.webservices.client.MockWebServiceServerTestExecutionListener@2970a5bc, org.springframework.boot.test.mock.mockito.ResetMocksTestExecutionListener@50305a]
19:33:57.336 [Test worker] DEBUG org.springframework.test.context.support.AbstractDirtiesContextTestExecutionListener - Before test class: context [DefaultTestContext@42a9a63e testClass = AwsSecurityTestApplicationTests, testInstance = [null], testMethod = [null], testException = [null], mergedContextConfiguration = [WebMergedContextConfiguration@62da83ed testClass = AwsSecurityTestApplicationTests, locations = '{}', classes = '{class com.example.aws_security_test.AwsSecurityTestApplication}', contextInitializerClasses = '[]', activeProfiles = '{}', propertySourceLocations = '{}', propertySourceProperties = '{org.springframework.boot.test.context.SpringBootTestContextBootstrapper=true}', contextCustomizers = set[org.springframework.boot.test.autoconfigure.actuate.metrics.MetricsExportContextCustomizerFactory$DisableMetricExportContextCustomizer@4b7e96a, org.springframework.boot.test.autoconfigure.properties.PropertyMappingContextCustomizer@0, org.springframework.boot.test.autoconfigure.web.servlet.WebDriverContextCustomizerFactory$Customizer@1522d8a0, org.springframework.boot.test.context.filter.ExcludeFilterContextCustomizer@4351c8c3, org.springframework.boot.test.json.DuplicateJsonObjectContextCustomizerFactory$DuplicateJsonObjectContextCustomizer@11981797, org.springframework.boot.test.mock.mockito.MockitoContextCustomizer@0, org.springframework.boot.test.web.client.TestRestTemplateContextCustomizer@549949be, org.springframework.boot.test.context.SpringBootTestArgs@1, org.springframework.boot.test.context.SpringBootTestWebEnvironment@17503f6b], resourceBasePath = 'src/main/webapp', contextLoader = 'org.springframework.boot.test.context.SpringBootContextLoader', parent = [null]], attributes = map['org.springframework.test.context.web.ServletTestExecutionListener.activateListener' -> true]], class annotated with @DirtiesContext [false] with mode [null].

  .   ____          _            __ _ _
 /\\ / ___'_ __ _ _(_)_ __  __ _ \ \ \ \
( ( )\___ | '_ | '_| | '_ \/ _` | \ \ \ \
 \\/  ___)| |_)| | | | | || (_| |  ) ) ) )
  '  |____| .__|_| |_|_| |_\__, | / / / /
 =========|_|==============|___/=/_/_/_/
 :: Spring Boot ::                (v2.6.7)

2022-05-10 19:33:57.566  INFO 76977 --- [    Test worker] c.e.a.AwsSecurityTestApplicationTests    : Starting AwsSecurityTestApplicationTests using Java 15.0.6 on hongyeongjuneui-MacBookAir.local with PID 76977 (started by hongyeongjune in /Users/hongyeongjune/IdeaProjects/AWS_Security_TEST)
2022-05-10 19:33:57.567  INFO 76977 --- [    Test worker] c.e.a.AwsSecurityTestApplicationTests    : No active profile set, falling back to 1 default profile: "default"
2022-05-10 19:33:58.114  INFO 76977 --- [    Test worker] c.e.a.AwsSecurityTestApplicationTests    : Started AwsSecurityTestApplicationTests in 0.746 seconds (JVM running for 1.373)
]]></system-out>
  <system-err><![CDATA[]]></system-err>
</testsuite>
